2025-01-08T16:53:32 | touched: Cargo.toml
2025-04-03T02:38:36 | touched: src/lib.rs
2026-01-17T18:37:21 | touched: src/lib.rs
2026-01-07T16:05:03 | touched: README.md
2025-12-07T21:09:26 | touched: LICENSE
2025-01-15T23:16:48 | touched: src/lib.rs
2026-01-04T23:02:16 | touched: src/main.rs
2025-04-05T03:04:11 | touched: src/main.rs
2026-01-11T21:22:55 | touched: Cargo.toml
2025-11-18T07:25:15 | touched: LICENSE
2025-10-23T05:15:23 | touched: src/main.rs
2025-02-28T17:30:18 | touched: Cargo.toml
2025-01-09T19:17:05 | touched: src/main.rs
2025-06-11T13:41:05 | touched: README.md
2025-01-06T16:56:01 | touched: src/lib.rs
2025-05-03T05:13:31 | touched: LICENSE
2025-03-03T15:43:49 | touched: src/main.rs
2025-07-08T19:50:14 | touched: src/lib.rs
2025-07-09T09:40:53 | touched: src/lib.rs
2025-08-19T05:08:07 | touched: src/lib.rs
2025-03-01T21:12:14 | touched: src/lib.rs
2025-10-11T09:31:14 | touched: README.md
2025-10-28T14:18:55 | touched: LICENSE
2025-08-29T02:33:58 | touched: src/main.rs
